[0m14:20:07.074381 [debug] [MainThread]: Sending event: {'category': 'dbt', 'action': 'invocation', 'label': 'start', 'context': [<snowplow_tracker.self_describing_json.SelfDescribingJson object at 0x106826db0>, <snowplow_tracker.self_describing_json.SelfDescribingJson object at 0x109fbc770>, <snowplow_tracker.self_describing_json.SelfDescribingJson object at 0x109fbc3b0>]}


============================== 14:20:07.079440 | 65a5a901-01da-4f26-ad31-8908fcffa089 ==============================
[0m14:20:07.079440 [info ] [MainThread]: Running with dbt=1.9.0
[0m14:20:07.079731 [debug] [MainThread]: running dbt with arguments {'printer_width': '80', 'indirect_selection': 'eager', 'write_json': 'True', 'log_cache_events': 'False', 'partial_parse': 'True', 'cache_selected_only': 'False', 'warn_error': 'None', 'fail_fast': 'False', 'profiles_dir': '/Users/ragamamidipaka/.dbt', 'log_path': 'logs', 'version_check': 'True', 'debug': 'False', 'use_colors': 'True', 'use_experimental_parser': 'False', 'empty': 'None', 'quiet': 'False', 'no_print': 'None', 'log_format': 'default', 'invocation_command': 'dbt init', 'static_parser': 'True', 'introspect': 'True', 'target_path': 'None', 'warn_error_options': 'WarnErrorOptions(include=[], exclude=[])', 'send_anonymous_usage_stats': 'True'}
[0m14:20:07.086594 [warn ] [MainThread]: [ConfigFolderDirectory]: Unable to parse logging event dictionary. Failed to parse dir field: expected string or bytes-like object, got 'PosixPath'.. Dictionary: {'dir': PosixPath('/Users/ragamamidipaka/.dbt')}
[0m14:20:07.086823 [info ] [MainThread]: Creating dbt configuration folder at 
[0m14:20:34.237291 [debug] [MainThread]: Starter project path: /Users/ragamamidipaka/Documents/GitHub/ETL/.venv/lib/python3.12/site-packages/dbt/include/starter_project
[0m14:20:34.261860 [info ] [MainThread]: 
Your new dbt project "data_pipeline" was created!

For more information on how to configure the profiles.yml file,
please consult the dbt documentation here:

  https://docs.getdbt.com/docs/configure-your-profile

One more thing:

Need help? Don't hesitate to reach out to us via GitHub issues or on Slack:

  https://community.getdbt.com/

Happy modeling!

[0m14:20:34.262665 [info ] [MainThread]: Setting up your profile.
[0m14:25:03.296333 [info ] [MainThread]: Profile data_pipeline written to /Users/ragamamidipaka/.dbt/profiles.yml using target's profile_template.yml and your supplied values. Run 'dbt debug' to validate the connection.
[0m14:25:03.311841 [debug] [MainThread]: Resource report: {"command_name": "init", "command_success": true, "command_wall_clock_time": 296.28824, "process_in_blocks": "0", "process_kernel_time": 0.192869, "process_mem_max_rss": "95223808", "process_out_blocks": "0", "process_user_time": 0.792651}
[0m14:25:03.315011 [debug] [MainThread]: Command `dbt init` succeeded at 14:25:03.314820 after 296.29 seconds
[0m14:25:03.315840 [debug] [MainThread]: Sending event: {'category': 'dbt', 'action': 'invocation', 'label': 'end', 'context': [<snowplow_tracker.self_describing_json.SelfDescribingJson object at 0x10aea75f0>, <snowplow_tracker.self_describing_json.SelfDescribingJson object at 0x10aea5670>, <snowplow_tracker.self_describing_json.SelfDescribingJson object at 0x10a895370>]}
[0m14:25:03.316337 [debug] [MainThread]: Flushing usage events
[0m14:25:03.735563 [debug] [MainThread]: An error was encountered while trying to flush usage events
